{
  "RSpec": {
    "coverage": {
      "/Users/eliotswank/turing/3module/projects/booth_fairy/config/environment.rb": [
        null,
        1,
        null,
        null,
        1
      ],
      "/Users/eliotswank/turing/3module/projects/booth_fairy/config/application.rb": [
        1,
        null,
        1,
        null,
        1,
        1,
        1,
        1,
        1,
        1,
        1,
        1,
        1,
        null,
        null,
        null,
        null,
        1,
        null,
        1,
        1,
        null,
        1,
        null,
        null,
        null,
        null,
        null,
        null,
        null,
        1,
        null,
        null
      ],
      "/Users/eliotswank/turing/3module/projects/booth_fairy/config/boot.rb": [
        1,
        null,
        1,
        1
      ],
      "/Users/eliotswank/turing/3module/projects/booth_fairy/config/environments/test.rb": [
        1,
        null,
        null,
        null,
        null,
        null,
        null,
        1,
        null,
        null,
        null,
        null,
        1,
        null,
        null,
        1,
        1,
        null,
        null,
        null,
        null,
        1,
        1,
        null,
        null,
        1,
        null,
        null,
        1,
        null,
        null,
        1,
        null,
        1,
        null,
        null,
        null,
        null,
        1,
        null,
        null,
        1,
        null,
        null,
        null,
        null
      ],
      "/Users/eliotswank/turing/3module/projects/booth_fairy/config/initializers/application_controller_renderer.rb": [
        null,
        null,
        null,
        null,
        null,
        null,
        null,
        null
      ],
      "/Users/eliotswank/turing/3module/projects/booth_fairy/config/initializers/assets.rb": [
        null,
        null,
        null,
        1,
        null,
        null,
        null,
        null,
        1,
        null,
        null,
        null,
        null,
        null
      ],
      "/Users/eliotswank/turing/3module/projects/booth_fairy/config/initializers/backtrace_silencers.rb": [
        null,
        null,
        null,
        null,
        null,
        null,
        null
      ],
      "/Users/eliotswank/turing/3module/projects/booth_fairy/config/initializers/content_security_policy.rb": [
        null,
        null,
        null,
        null,
        null,
        null,
        null,
        null,
        null,
        null,
        null,
        null,
        null,
        null,
        null,
        null,
        null,
        null,
        null,
        null,
        null,
        null,
        null,
        null,
        null
      ],
      "/Users/eliotswank/turing/3module/projects/booth_fairy/config/initializers/cookies_serializer.rb": [
        null,
        null,
        null,
        null,
        1
      ],
      "/Users/eliotswank/turing/3module/projects/booth_fairy/config/initializers/devise.rb": [
        null,
        null,
        null,
        null,
        1,
        null,
        null,
        null,
        null,
        null,
        null,
        null,
        null,
        null,
        null,
        null,
        null,
        null,
        null,
        null,
        1,
        null,
        null,
        null,
        null,
        null,
        null,
        null,
        null,
        null,
        null,
        null,
        1,
        null,
        null,
        null,
        null,
        null,
        null,
        null,
        null,
        null,
        null,
        null,
        null,
        null,
        null,
        null,
        null,
        null,
        null,
        null,
        null,
        null,
        1,
        null,
        null,
        null,
        null,
        1,
        null,
        null,
        null,
        null,
        null,
        null,
        null,
        null,
        null,
        null,
        null,
        null,
        null,
        null,
        null,
        null,
        null,
        null,
        null,
        null,
        null,
        null,
        null,
        null,
        null,
        null,
        null,
        null,
        null,
        null,
        1,
        null,
        null,
        null,
        null,
        null,
        null,
        null,
        null,
        null,
        null,
        null,
        null,
        null,
        null,
        null,
        null,
        null,
        null,
        null,
        null,
        null,
        null,
        1,
        null,
        null,
        null,
        null,
        null,
        null,
        null,
        null,
        null,
        null,
        null,
        null,
        null,
        null,
        null,
        null,
        null,
        null,
        null,
        null,
        null,
        null,
        null,
        null,
        null,
        null,
        null,
        null,
        null,
        null,
        1,
        null,
        null,
        null,
        null,
        null,
        null,
        null,
        null,
        null,
        1,
        null,
        null,
        null,
        null,
        null,
        null,
        null,
        null,
        null,
        null,
        1,
        null,
        null,
        null,
        null,
        1,
        null,
        null,
        null,
        null,
        null,
        null,
        null,
        null,
        null,
        null,
        null,
        null,
        null,
        null,
        null,
        null,
        null,
        null,
        null,
        null,
        null,
        null,
        null,
        null,
        null,
        null,
        null,
        null,
        null,
        null,
        null,
        null,
        null,
        null,
        null,
        null,
        null,
        null,
        null,
        null,
        1,
        null,
        null,
        null,
        null,
        null,
        null,
        null,
        null,
        null,
        null,
        null,
        null,
        null,
        null,
        null,
        null,
        null,
        null,
        null,
        null,
        null,
        null,
        null,
        null,
        null,
        null,
        null,
        null,
        null,
        null,
        null,
        null,
        null,
        null,
        null,
        null,
        null,
        null,
        null,
        null,
        null,
        1,
        null,
        null,
        null,
        null,
        null,
        1,
        null,
        null,
        null,
        null,
        null,
        null,
        null,
        null,
        null,
        null,
        null,
        null,
        null,
        null,
        null,
        null,
        null,
        null,
        null,
        null,
        null,
        null,
        null,
        null,
        null,
        null,
        null,
        null,
        null,
        null
      ],
      "/Users/eliotswank/turing/3module/projects/booth_fairy/config/initializers/filter_parameter_logging.rb": [
        null,
        null,
        null,
        1
      ],
      "/Users/eliotswank/turing/3module/projects/booth_fairy/config/initializers/inflections.rb": [
        null,
        null,
        null,
        null,
        null,
        null,
        null,
        null,
        null,
        null,
        null,
        null,
        null,
        null,
        null,
        null
      ],
      "/Users/eliotswank/turing/3module/projects/booth_fairy/config/initializers/mime_types.rb": [
        null,
        null,
        null,
        null
      ],
      "/Users/eliotswank/turing/3module/projects/booth_fairy/config/initializers/wrap_parameters.rb": [
        null,
        null,
        null,
        null,
        null,
        null,
        1,
        2,
        null,
        null,
        null,
        null,
        null,
        null
      ],
      "/Users/eliotswank/turing/3module/projects/booth_fairy/spec/factories/market.rb": [
        1,
        1,
        1,
        1,
        1,
        null,
        null
      ],
      "/Users/eliotswank/turing/3module/projects/booth_fairy/spec/factories/user.rb": [
        1,
        1,
        1,
        1,
        null,
        null
      ],
      "/Users/eliotswank/turing/3module/projects/booth_fairy/config/routes.rb": [
        1,
        1,
        1,
        1,
        null,
        1,
        1,
        null,
        1,
        1,
        null,
        null,
        null
      ],
      "/Users/eliotswank/turing/3module/projects/booth_fairy/app/models/user.rb": [
        1,
        null,
        1,
        null,
        null,
        null,
        1,
        1,
        0,
        0,
        0,
        0,
        null,
        null,
        null,
        null,
        0,
        null,
        null
      ],
      "/Users/eliotswank/turing/3module/projects/booth_fairy/app/models/application_record.rb": [
        1,
        1,
        null
      ],
      "/Users/eliotswank/turing/3module/projects/booth_fairy/app/helpers/application_helper.rb": [
        1,
        null
      ],
      "/Users/eliotswank/turing/3module/projects/booth_fairy/app/helpers/users_helper.rb": [
        1,
        null
      ],
      "/Users/eliotswank/turing/3module/projects/booth_fairy/app/helpers/welcome_helper.rb": [
        1,
        null
      ],
      "/Users/eliotswank/turing/3module/projects/booth_fairy/spec/support/factory_bot.rb": [
        1,
        1,
        null
      ],
      "/Users/eliotswank/turing/3module/projects/booth_fairy/app/controllers/welcome_controller.rb": [
        1,
        1,
        null,
        null
      ],
      "/Users/eliotswank/turing/3module/projects/booth_fairy/app/controllers/application_controller.rb": [
        1,
        1,
        null,
        null
      ],
      "/Users/eliotswank/turing/3module/projects/booth_fairy/spec/features/user_logs_in_spec.rb": [
        1,
        null,
        1,
        1,
        null,
        1,
        1,
        1,
        1,
        null,
        1,
        null,
        1,
        1,
        null,
        null,
        1,
        null,
        null,
        1,
        1,
        null,
        1,
        1,
        null,
        1,
        1,
        1,
        null,
        1,
        null,
        1,
        1,
        null,
        null,
        1,
        1,
        null,
        1,
        1,
        null,
        null,
        null
      ],
      "/Users/eliotswank/turing/3module/projects/booth_fairy/spec/features/user_sees_user_index_page_spec.rb": [
        1,
        null,
        1,
        null,
        1,
        1,
        2,
        2,
        null,
        2,
        2,
        null,
        2,
        2,
        null,
        null,
        null,
        1,
        null,
        1,
        null,
        1,
        1,
        1,
        null,
        null,
        1,
        1,
        1,
        1,
        1,
        null,
        1,
        null,
        1,
        1,
        1,
        1,
        null,
        null,
        null
      ],
      "/Users/eliotswank/turing/3module/projects/booth_fairy/spec/helpers/users_helper_spec.rb": [
        1,
        null,
        null,
        null,
        null,
        null,
        null,
        null,
        null,
        null,
        null,
        null,
        1,
        1,
        null
      ],
      "/Users/eliotswank/turing/3module/projects/booth_fairy/spec/helpers/welcome_helper_spec.rb": [
        1,
        null,
        null,
        null,
        null,
        null,
        null,
        null,
        null,
        null,
        null,
        null,
        1,
        1,
        null
      ],
      "/Users/eliotswank/turing/3module/projects/booth_fairy/spec/models/market_spec.rb": [
        1,
        null,
        1,
        1,
        null
      ],
      "/Users/eliotswank/turing/3module/projects/booth_fairy/app/models/market.rb": [
        1,
        1,
        null
      ],
      "/Users/eliotswank/turing/3module/projects/booth_fairy/spec/models/user_spec.rb": [
        1,
        null,
        1,
        1,
        null
      ],
      "/Users/eliotswank/turing/3module/projects/booth_fairy/spec/views/users/index.html.erb_spec.rb": [
        1,
        null,
        1,
        1,
        null
      ],
      "/Users/eliotswank/turing/3module/projects/booth_fairy/spec/views/welcome/index.html.erb_spec.rb": [
        1,
        null,
        1,
        1,
        null
      ],
      "/Users/eliotswank/turing/3module/projects/booth_fairy/app/controllers/users_controller.rb": [
        1,
        1,
        null,
        1,
        5,
        5,
        5,
        5,
        5,
        null,
        null
      ],
      "/Users/eliotswank/turing/3module/projects/booth_fairy/app/services/weather_service.rb": [
        1,
        null,
        1,
        5,
        5,
        5,
        null,
        null,
        1,
        10,
        null,
        null,
        1,
        10,
        null,
        null,
        1,
        5,
        40,
        null,
        null,
        null
      ]
    },
    "timestamp": 1537334208
  }
}
